--- Window Detection started for PID 13768 ---
Found 2 windows: [(2, 'mGBA - PKM QUETZAL -  Player 2 of 2 (60 fps) - 0.10.3'), (1, 'mGBA - PKM QUETZAL -  Player 1 of 2 (59.4 fps) - 0.10.3')]
--- Input thread started at Thu Mar 12 02:13:10 2026 ---
Received: 1,F1,1
Received: 1,F1,0
Received: 1,A,1
Received: 1,A,0
Received: 1,R,1
Received: 1,Shift,1
Received: 1,F1,1
Received: 1,F1,0
Received: 1,Shift,0
Received: 1,R,0
Received: 1,A,1
Received: 1,A,0
Received: 1,F1,1
Received: 1,F1,0
Received: 1,F1,1
Received: 1,F1,0
--- Window Detection started for PID 7564 ---
Found 2 windows: [(2, 'mGBA - PKM QUETZAL -  Player 2 of 2 (60.1 fps) - 0.10.3'), (1, 'mGBA - PKM QUETZAL -  Player 1 of 2 (60.1 fps) - 0.10.3')]
--- Input thread started at Thu Mar 12 02:22:09 2026 ---
Received: 1,A,1
Received: 1,A,0
Received: 1,F1,1
Received: 2,F1,1
Received: 1,F1,0
Received: 2,F1,0
Received: 1,A,1
Received: 1,A,0
Received: 1,R,1
Received: 1,Shift,1
Received: 1,F1,1
Received: 1,F1,0
Received: 1,Shift,0
Received: 1,R,0
Received: 1,F1,1
Received: 1,F1,0
Received: 1,F1,1
Received: 1,F1,0
Received: 1,F1,1
Received: 1,F1,0
Received: 1,F1,1
Received: 1,F1,0
Received: 1,F1,1
Received: 1,F1,0
Received: 1,B,1
Received: 1,B,0
Received: 1,Up,1
Received: 1,Up,0
Received: 1,Down,1
Received: 1,Down,0
Received: 1,Up,1
Received: 1,Up,0
Received: 1,Up,1
Received: 1,Up,0
Received: 1,A,1
Received: 1,A,0
Received: 1,Up,1
Received: 1,Up,0
Received: 1,A,1
Received: 1,A,0
Received: 1,Up,1
Received: 1,Up,0
Received: 1,A,1
Received: 1,A,0
Received: 1,Up,1
Received: 1,Up,0
Received: 1,A,1
Received: 1,A,0
Received: 1,Up,1
Received: 1,Up,0
Received: 1,A,1
Received: 1,A,0
Received: 1,R,1
Received: 1,Shift,1
Received: 1,F1,1
Received: 1,F1,0
Received: 1,Shift,0
Received: 1,R,0
Received: 1,A,1
Received: 1,A,0
Received: 1,A,1
Received: 1,A,0
Received: 1,B,1
Received: 1,B,0
Received: 1,A,1
Received: 1,A,0
Received: 1,Down,1
Received: 1,Down,0
Received: 1,Down,1
Received: 1,Down,0
Received: 1,A,1
Received: 1,A,0
Received: 1,F1,1
Received: 1,F1,0
Received: 2,R,1
Received: 2,Shift,1
Received: 2,F1,1
Received: 2,F1,0
Received: 2,Shift,0
Received: 2,R,0
Received: 2,R,1
Received: 2,Shift,1
Received: 2,F1,1
Received: 2,F1,0
Received: 2,Shift,0
Received: 2,R,0
Received: 2,R,1
Received: 2,Shift,1
Received: 2,F1,1
Received: 2,F1,0
Received: 2,Shift,0
Received: 2,R,0
Received: 2,R,1
Received: 2,Shift,1
Received: 2,F1,1
Received: 2,F1,0
Received: 2,Shift,0
Received: 2,R,0
Received: 2,R,1
Received: 2,Shift,1
Received: 2,F1,1
Received: 2,F1,0
Received: 2,Shift,0
Received: 2,R,0
Received: 2,R,1
Received: 2,Shift,1
Received: 2,F1,1
Received: 2,F1,0
Received: 2,Shift,0
Received: 2,R,0
Received: 2,R,1
Received: 2,Shift,1
Received: 2,F1,1
Received: 2,F1,0
Received: 2,Shift,0
Received: 2,R,0
Received: 2,R,1
Received: 2,Shift,1
Received: 2,F1,1
Received: 2,F1,0
Received: 2,Shift,0
Received: 2,R,0
Received: 2,Shift,1
Received: 2,F1,1
Received: 2,F1,0
Received: 2,Shift,0
--- Window Detection started for PID 16388 ---
Found 2 windows: [(2, 'mGBA - PKM QUETZAL -  Player 2 of 2 (60.7 fps) - 0.10.3'), (1, 'mGBA - PKM QUETZAL -  Player 1 of 2 (60.1 fps) - 0.10.3')]
--- Input thread started at Thu Mar 12 02:44:24 2026 ---
Received: 1,F1,1
Received: 1,F1,0
Received: 1,Shift,1
Received: 1,F1,1
Received: 1,F1,0
Received: 1,Shift,0
